<?xml version="1.0" encoding="UTF-8"?>
<!-- Generated by org.testng.reporters.JUnitReportReporter -->
<testsuite hostname="Anas" failures="0" tests="7" name="MyTest" time="4.819" errors="0" timestamp="2025-02-15T18:05:48 EET" skipped="6">
  <testcase classname="MyTest" name="subscribeTest" time="4.819"/>
  <system-out/>
  <testcase classname="MyTest" name="logoutTest">
    <skipped/>
  </testcase> <!-- logoutTest -->
  <system-out/>
  <testcase classname="MyTest" name="loginTest">
    <skipped/>
  </testcase> <!-- loginTest -->
  <system-out/>
  <testcase classname="MyTest" name="signUpTest">
    <skipped/>
  </testcase> <!-- signUpTest -->
  <system-out/>
  <testcase classname="MyTest" name="BagSection">
    <skipped/>
  </testcase> <!-- BagSection -->
  <system-out/>
  <testcase classname="MyTest" name="checkout">
    <skipped/>
  </testcase> <!-- checkout -->
  <system-out/>
  <testcase classname="MyTest" name="womenItems">
    <skipped/>
  </testcase> <!-- womenItems -->
  <system-out/>
</testsuite> <!-- MyTest -->
