<?xml version="1.0" encoding="UTF-8"?>
<!-- Generated by org.testng.reporters.JUnitReportReporter -->
<testsuite hostname="Anas" failures="0" tests="7" name="MyTest" time="47.186" errors="0" timestamp="2025-02-13T15:29:52 EET" skipped="4">
  <testcase classname="MyTest" name="signUpTest" time="6.337"/>
  <system-out/>
  <testcase classname="MyTest" name="BagSection" time="29.371"/>
  <system-out/>
  <testcase classname="MyTest" name="checkout" time="11.478"/>
  <system-out/>
  <testcase classname="MyTest" name="logoutTest">
    <skipped/>
  </testcase> <!-- logoutTest -->
  <system-out/>
  <testcase classname="MyTest" name="loginTest">
    <skipped/>
  </testcase> <!-- loginTest -->
  <system-out/>
  <testcase classname="MyTest" name="subscribeTest">
    <skipped/>
  </testcase> <!-- subscribeTest -->
  <system-out/>
  <testcase classname="MyTest" name="womenItems">
    <skipped/>
  </testcase> <!-- womenItems -->
  <system-out/>
</testsuite> <!-- MyTest -->
